<?xml version="1.0" encoding="UTF-8"?>
<robot generator="Robot 7.4.1 (Python 3.12.3 on win32)" generated="2025-12-27T03:44:49.462316" rpa="false" schemaversion="5">
<suite id="s1" name="A4" source="C:\Users\francis\OneDrive\Desktop\Practice\Selenium\a4.robot">
<test id="s1-t1" name="Select Dropdown Options" line="9">
<kw name="Open Browser" owner="SeleniumLibrary">
<msg time="2025-12-27T03:44:49.643426" level="INFO">Opening browser 'Chrome' to base url 'https://the-internet.herokuapp.com/dropdown'.</msg>
<arg>${URL}</arg>
<arg>Chrome</arg>
<doc>Opens a new browser instance to the optional ``url``.</doc>
<status status="PASS" start="2025-12-27T03:44:49.643426" elapsed="4.172318"/>
</kw>
<kw name="Select From List By Label" owner="SeleniumLibrary">
<msg time="2025-12-27T03:44:53.816295" level="INFO">Selecting options from selection list 'id:dropdown' by label Option 1.</msg>
<arg>id:dropdown</arg>
<arg>Option 1</arg>
<doc>Selects options from selection list ``locator`` by ``labels``.</doc>
<status status="PASS" start="2025-12-27T03:44:53.815744" elapsed="0.067341"/>
</kw>
<kw name="Sleep" owner="BuiltIn">
<msg time="2025-12-27T03:44:55.883239" level="INFO">Slept 2 seconds.</msg>
<arg>2s</arg>
<doc>Pauses the test executed for the given time.</doc>
<status status="PASS" start="2025-12-27T03:44:53.883085" elapsed="2.000154"/>
</kw>
<kw name="Select From List By Label" owner="SeleniumLibrary">
<msg time="2025-12-27T03:44:55.883777" level="INFO">Selecting options from selection list 'id:dropdown' by label Option 2.</msg>
<arg>id:dropdown</arg>
<arg>Option 2</arg>
<doc>Selects options from selection list ``locator`` by ``labels``.</doc>
<status status="PASS" start="2025-12-27T03:44:55.883239" elapsed="0.052070"/>
</kw>
<kw name="Sleep" owner="BuiltIn">
<msg time="2025-12-27T03:44:57.935825" level="INFO">Slept 2 seconds.</msg>
<arg>2s</arg>
<doc>Pauses the test executed for the given time.</doc>
<status status="PASS" start="2025-12-27T03:44:55.935309" elapsed="2.000516"/>
</kw>
<kw name="Capture Page Screenshot" owner="SeleniumLibrary">
<msg time="2025-12-27T03:44:58.006861" level="INFO" html="true">&lt;/td&gt;&lt;/tr&gt;&lt;tr&gt;&lt;td colspan="3"&gt;&lt;a href="dropdown_evidence.png"&gt;&lt;img src="dropdown_evidence.png" width="800px"&gt;&lt;/a&gt;</msg>
<arg>dropdown_evidence.png</arg>
<doc>Takes a screenshot of the current page and embeds it into a log file.</doc>
<status status="PASS" start="2025-12-27T03:44:57.935825" elapsed="0.071036"/>
</kw>
<kw name="Sleep" owner="BuiltIn">
<msg time="2025-12-27T03:45:00.008332" level="INFO">Slept 2 seconds.</msg>
<arg>2s</arg>
<doc>Pauses the test executed for the given time.</doc>
<status status="PASS" start="2025-12-27T03:44:58.008059" elapsed="2.000273"/>
</kw>
<kw name="Close Browser" owner="SeleniumLibrary">
<doc>Closes the current browser.</doc>
<status status="PASS" start="2025-12-27T03:45:00.008332" elapsed="2.105941"/>
</kw>
<status status="PASS" start="2025-12-27T03:44:49.642380" elapsed="12.471893"/>
</test>
<status status="PASS" start="2025-12-27T03:44:49.463958" elapsed="12.651329"/>
</suite>
<statistics>
<total>
<stat pass="1" fail="0" skip="0">All Tests</stat>
</total>
<tag>
</tag>
<suite>
<stat name="A4" id="s1" pass="1" fail="0" skip="0">A4</stat>
</suite>
</statistics>
<errors>
</errors>
</robot>
